# JRE version: Java(TM) SE Runtime Environment (9.0+11) (build 9.0.4+11)
# Java VM: Java HotSpot(TM) 64-Bit Server VM (9.0.4+11, mixed mode, tiered, compressed oops, g1 gc, windows-amd64)
Heap:
 garbage-first heap   total 131072K, used 28085K [0x0000000081c00000, 0x0000000081d00400, 0x0000000100000000)
  region size 1024K, 9 young (9216K), 2 survivors (2048K)
 Metaspace       used 12361K, capacity 12890K, committed 13056K, reserved 1060864K
  class space    used 1535K, capacity 1683K, committed 1792K, reserved 1048576K
GC Heap History (6 events):
Event: 0.788 GC heap before
{Heap before GC invocations=0 (full 0):
 garbage-first heap   total 131072K, used 15360K [0x0000000081c00000, 0x0000000081d00400, 0x0000000100000000)
  region size 1024K, 14 young (14336K), 0 survivors (0K)
 Metaspace       used 5000K, capacity 5034K, committed 5248K, reserved 1056768K
  class space    used 498K, capacity 527K, committed 640K, reserved 1048576K
}
Event: 0.794 GC heap after
{Heap after GC invocations=1 (full 0):
 garbage-first heap   total 131072K, used 9689K [0x0000000081c00000, 0x0000000081d00400, 0x0000000100000000)
  region size 1024K, 2 young (2048K), 2 survivors (2048K)
 Metaspace       used 5000K, capacity 5034K, committed 5248K, reserved 1056768K
  class space    used 498K, capacity 527K, committed 640K, reserved 1048576K
}
Event: 0.883 GC heap before
{Heap before GC invocations=1 (full 0):
 garbage-first heap   total 131072K, used 18905K [0x0000000081c00000, 0x0000000081d00400, 0x0000000100000000)
  region size 1024K, 10 young (10240K), 2 survivors (2048K)
 Metaspace       used 5005K, capacity 5098K, committed 5248K, reserved 1056768K
  class space    used 498K, capacity 527K, committed 640K, reserved 1048576K
}
Event: 0.889 GC heap after
{Heap after GC invocations=2 (full 0):
 garbage-first heap   total 131072K, used 18081K [0x0000000081c00000, 0x0000000081d00400, 0x0000000100000000)
  region size 1024K, 2 young (2048K), 2 survivors (2048K)
 Metaspace       used 5005K, capacity 5098K, committed 5248K, reserved 1056768K
  class space    used 498K, capacity 527K, committed 640K, reserved 1048576K
}
Event: 1.468 GC heap before
{Heap before GC invocations=2 (full 0):
 garbage-first heap   total 131072K, used 34465K [0x0000000081c00000, 0x0000000081d00400, 0x0000000100000000)
  region size 1024K, 18 young (18432K), 2 survivors (2048K)
 Metaspace       used 10737K, capacity 11260K, committed 11520K, reserved 1058816K
  class space    used 1291K, capacity 1420K, committed 1536K, reserved 1048576K
}
Event: 1.473 GC heap after
{Heap after GC invocations=3 (full 0):
 garbage-first heap   total 131072K, used 20772K [0x0000000081c00000, 0x0000000081d00400, 0x0000000100000000)
  region size 1024K, 3 young (3072K), 3 survivors (3072K)
 Metaspace       used 10737K, capacity 11260K, committed 11520K, reserved 1058816K
  class space    used 1291K, capacity 1420K, committed 1536K, reserved 1048576K
}

